<?xml version="1.0" encoding="UTF-8"?>
<!-- Generated by org.testng.reporters.JUnitReportReporter -->
<testsuite skipped="0" hostname="DESKTOP-CMEC40P" name="com.awstechguide.automation.AppTest" tests="1" failures="0" timestamp="2020-05-08T21:24:14 EDT" time="4.478" errors="0">
  <testcase name="verifyGooglePageTittle" time="4.478" classname="com.awstechguide.automation.AppTest"/>
  <system-out/>
</testsuite> <!-- com.awstechguide.automation.AppTest -->
